[1667794706]
joinsessiontime=1597210184
[1708657251]
joinsessiontime=1599042492
[1703520561]
joinsessiontime=1599129838
[1702333610]
joinsessiontime=1599562004
[1703069749]
joinsessiontime=1600918242
[1702921253]
joinsessiontime=1601004020
[1708229686]
joinsessiontime=1601263172
[1700411037]
joinsessiontime=1601456654
[1709409948]
joinsessiontime=1601296187
[1703134687]
joinsessiontime=1601349592
[1705961192]
joinsessiontime=1601382705
[1702001386]
joinsessiontime=1601443371
[1703693000]
joinsessiontime=1601443564
[1701662944]
joinsessiontime=1601549492
